<?xml version="1.0" encoding="UTF-8"?>
<testsuite xmlns:xsi="http://www.w3.org/2001/XMLSchema-instance" xsi:noNamespaceSchemaLocation="https://maven.apache.org/surefire/maven-surefire-plugin/xsd/surefire-test-report-3.0.xsd" version="3.0" name="org.acme.reproducer.a.ServiceATest" time="4.129" tests="1" errors="0" skipped="0" failures="0">
  <properties>
    <property name="java.specification.version" value="21"/>
    <property name="sun.jnu.encoding" value="UTF-8"/>
    <property name="test.url" value="http://localhost:8081"/>
    <property name="java.class.path" value="/home/jveessen/public-repos/minio-reuse-reproducer/service-a/target/test-classes:/home/jveessen/public-repos/minio-reuse-reproducer/service-a/target/classes:/home/jveessen/.m2/repository/io/quarkus/quarkus-arc/3.17.7/quarkus-arc-3.17.7.jar:/home/jveessen/.m2/repository/io/quarkus/arc/arc/3.17.7/arc-3.17.7.jar:/home/jveessen/.m2/repository/jakarta/enterprise/jakarta.enterprise.cdi-api/4.1.0/jakarta.enterprise.cdi-api-4.1.0.jar:/home/jveessen/.m2/repository/jakarta/enterprise/jakarta.enterprise.lang-model/4.1.0/jakarta.enterprise.lang-model-4.1.0.jar:/home/jveessen/.m2/repository/jakarta/el/jakarta.el-api/5.0.1/jakarta.el-api-5.0.1.jar:/home/jveessen/.m2/repository/jakarta/interceptor/jakarta.interceptor-api/2.2.0/jakarta.interceptor-api-2.2.0.jar:/home/jveessen/.m2/repository/jakarta/annotation/jakarta.annotation-api/3.0.0/jakarta.annotation-api-3.0.0.jar:/home/jveessen/.m2/repository/jakarta/transaction/jakarta.transaction-api/2.0.1/jakarta.transaction-api-2.0.1.jar:/home/jveessen/.m2/repository/io/smallrye/reactive/mutiny/2.6.2/mutiny-2.6.2.jar:/home/jveessen/.m2/repository/io/smallrye/common/smallrye-common-annotation/2.9.0/smallrye-common-annotation-2.9.0.jar:/home/jveessen/.m2/repository/org/jctools/jctools-core/4.0.5/jctools-core-4.0.5.jar:/home/jveessen/.m2/repository/org/jboss/logging/jboss-logging/3.6.1.Final/jboss-logging-3.6.1.Final.jar:/home/jveessen/.m2/repository/io/quarkus/quarkus-core/3.17.7/quarkus-core-3.17.7.jar:/home/jveessen/.m2/repository/jakarta/inject/jakarta.inject-api/2.0.1/jakarta.inject-api-2.0.1.jar:/home/jveessen/.m2/repository/io/smallrye/common/smallrye-common-os/2.9.0/smallrye-common-os-2.9.0.jar:/home/jveessen/.m2/repository/io/quarkus/quarkus-ide-launcher/3.17.7/quarkus-ide-launcher-3.17.7.jar:/home/jveessen/.m2/repository/io/quarkus/quarkus-development-mode-spi/3.17.7/quarkus-development-mode-spi-3.17.7.jar:/home/jveessen/.m2/repository/io/smallrye/config/smallrye-config/3.10.2/smallrye-config-3.10.2.jar:/home/jveessen/.m2/repository/io/smallrye/config/smallrye-config-core/3.10.2/smallrye-config-core-3.10.2.jar:/home/jveessen/.m2/repository/org/eclipse/microprofile/config/microprofile-config-api/3.1/microprofile-config-api-3.1.jar:/home/jveessen/.m2/repository/io/smallrye/common/smallrye-common-classloader/2.9.0/smallrye-common-classloader-2.9.0.jar:/home/jveessen/.m2/repository/io/smallrye/config/smallrye-config-common/3.10.2/smallrye-config-common-3.10.2.jar:/home/jveessen/.m2/repository/org/jboss/logmanager/jboss-logmanager/3.1.1.Final/jboss-logmanager-3.1.1.Final.jar:/home/jveessen/.m2/repository/io/smallrye/common/smallrye-common-constraint/2.9.0/smallrye-common-constraint-2.9.0.jar:/home/jveessen/.m2/repository/io/smallrye/common/smallrye-common-cpu/2.9.0/smallrye-common-cpu-2.9.0.jar:/home/jveessen/.m2/repository/io/smallrye/common/smallrye-common-expression/2.9.0/smallrye-common-expression-2.9.0.jar:/home/jveessen/.m2/repository/io/smallrye/common/smallrye-common-net/2.9.0/smallrye-common-net-2.9.0.jar:/home/jveessen/.m2/repository/io/smallrye/common/smallrye-common-ref/2.9.0/smallrye-common-ref-2.9.0.jar:/home/jveessen/.m2/repository/jakarta/json/jakarta.json-api/2.1.3/jakarta.json-api-2.1.3.jar:/home/jveessen/.m2/repository/org/eclipse/parsson/parsson/1.1.7/parsson-1.1.7.jar:/home/jveessen/.m2/repository/org/jboss/logging/jboss-logging-annotations/3.0.2.Final/jboss-logging-annotations-3.0.2.Final.jar:/home/jveessen/.m2/repository/org/jboss/threads/jboss-threads/3.8.0.Final/jboss-threads-3.8.0.Final.jar:/home/jveessen/.m2/repository/io/smallrye/common/smallrye-common-function/2.9.0/smallrye-common-function-2.9.0.jar:/home/jveessen/.m2/repository/org/slf4j/slf4j-api/2.0.6/slf4j-api-2.0.6.jar:/home/jveessen/.m2/repository/org/jboss/slf4j/slf4j-jboss-logmanager/2.0.0.Final/slf4j-jboss-logmanager-2.0.0.Final.jar:/home/jveessen/.m2/repository/org/wildfly/common/wildfly-common/1.7.0.Final/wildfly-common-1.7.0.Final.jar:/home/jveessen/.m2/repository/io/quarkus/quarkus-bootstrap-runner/3.17.7/quarkus-bootstrap-runner-3.17.7.jar:/home/jveessen/.m2/repository/io/github/crac/org-crac/0.1.3/org-crac-0.1.3.jar:/home/jveessen/.m2/repository/io/quarkus/quarkus-fs-util/0.0.10/quarkus-fs-util-0.0.10.jar:/home/jveessen/.m2/repository/org/eclipse/microprofile/context-propagation/microprofile-context-propagation-api/1.3/microprofile-context-propagation-api-1.3.jar:/home/jveessen/.m2/repository/io/quarkiverse/minio/quarkus-minio/3.7.7/quarkus-minio-3.7.7.jar:/home/jveessen/.m2/repository/io/quarkiverse/minio/quarkus-minio-native/3.7.7/quarkus-minio-native-3.7.7.jar:/home/jveessen/.m2/repository/io/minio/minio/8.5.12/minio-8.5.12.jar:/home/jveessen/.m2/repository/com/carrotsearch/thirdparty/simple-xml-safe/2.7.1/simple-xml-safe-2.7.1.jar:/home/jveessen/.m2/repository/com/google/guava/guava/33.3.1-jre/guava-33.3.1-jre.jar:/home/jveessen/.m2/repository/com/google/guava/failureaccess/1.0.1/failureaccess-1.0.1.jar:/home/jveessen/.m2/repository/com/google/errorprone/error_prone_annotations/2.35.1/error_prone_annotations-2.35.1.jar:/home/jveessen/.m2/repository/com/google/j2objc/j2objc-annotations/2.8/j2objc-annotations-2.8.jar:/home/jveessen/.m2/repository/com/squareup/okhttp3/okhttp/4.12.0/okhttp-4.12.0.jar:/home/jveessen/.m2/repository/com/squareup/okio/okio/3.6.0/okio-3.6.0.jar:/home/jveessen/.m2/repository/com/squareup/okio/okio-jvm/3.6.0/okio-jvm-3.6.0.jar:/home/jveessen/.m2/repository/org/jetbrains/kotlin/kotlin-stdlib-common/2.0.21/kotlin-stdlib-common-2.0.21.jar:/home/jveessen/.m2/repository/org/jetbrains/kotlin/kotlin-stdlib-jdk8/2.0.21/kotlin-stdlib-jdk8-2.0.21.jar:/home/jveessen/.m2/repository/org/jetbrains/kotlin/kotlin-stdlib/2.0.21/kotlin-stdlib-2.0.21.jar:/home/jveessen/.m2/repository/org/jetbrains/annotations/26.0.1/annotations-26.0.1.jar:/home/jveessen/.m2/repository/org/jetbrains/kotlin/kotlin-stdlib-jdk7/2.0.21/kotlin-stdlib-jdk7-2.0.21.jar:/home/jveessen/.m2/repository/com/fasterxml/jackson/core/jackson-annotations/2.18.2/jackson-annotations-2.18.2.jar:/home/jveessen/.m2/repository/com/fasterxml/jackson/core/jackson-core/2.18.2/jackson-core-2.18.2.jar:/home/jveessen/.m2/repository/com/fasterxml/jackson/core/jackson-databind/2.18.2/jackson-databind-2.18.2.jar:/home/jveessen/.m2/repository/org/bouncycastle/bcprov-jdk18on/1.79/bcprov-jdk18on-1.79.jar:/home/jveessen/.m2/repository/org/apache/commons/commons-compress/1.27.1/commons-compress-1.27.1.jar:/home/jveessen/.m2/repository/commons-codec/commons-codec/1.17.2/commons-codec-1.17.2.jar:/home/jveessen/.m2/repository/org/xerial/snappy/snappy-java/1.1.10.5/snappy-java-1.1.10.5.jar:/home/jveessen/.m2/repository/io/quarkus/quarkus-junit5/3.17.7/quarkus-junit5-3.17.7.jar:/home/jveessen/.m2/repository/io/quarkus/quarkus-bootstrap-core/3.17.7/quarkus-bootstrap-core-3.17.7.jar:/home/jveessen/.m2/repository/io/quarkus/quarkus-classloader-commons/3.17.7/quarkus-classloader-commons-3.17.7.jar:/home/jveessen/.m2/repository/io/quarkus/quarkus-bootstrap-app-model/3.17.7/quarkus-bootstrap-app-model-3.17.7.jar:/home/jveessen/.m2/repository/io/smallrye/common/smallrye-common-io/2.9.0/smallrye-common-io-2.9.0.jar:/home/jveessen/.m2/repository/org/eclipse/sisu/org.eclipse.sisu.inject/0.9.0.M3/org.eclipse.sisu.inject-0.9.0.M3.jar:/home/jveessen/.m2/repository/io/quarkus/quarkus-test-common/3.17.7/quarkus-test-common-3.17.7.jar:/home/jveessen/.m2/repository/io/quarkus/quarkus-core-deployment/3.17.7/quarkus-core-deployment-3.17.7.jar:/home/jveessen/.m2/repository/org/aesh/readline/2.6/readline-2.6.jar:/home/jveessen/.m2/repository/org/fusesource/jansi/jansi/2.4.0/jansi-2.4.0.jar:/home/jveessen/.m2/repository/org/aesh/aesh/2.8.2/aesh-2.8.2.jar:/home/jveessen/.m2/repository/org/apache/commons/commons-lang3/3.17.0/commons-lang3-3.17.0.jar:/home/jveessen/.m2/repository/io/quarkus/gizmo/gizmo/1.8.0/gizmo-1.8.0.jar:/home/jveessen/.m2/repository/org/ow2/asm/asm-util/9.7.1/asm-util-9.7.1.jar:/home/jveessen/.m2/repository/org/ow2/asm/asm-analysis/9.7.1/asm-analysis-9.7.1.jar:/home/jveessen/.m2/repository/org/ow2/asm/asm/9.7.1/asm-9.7.1.jar:/home/jveessen/.m2/repository/org/ow2/asm/asm-commons/9.7.1/asm-commons-9.7.1.jar:/home/jveessen/.m2/repository/org/ow2/asm/asm-tree/9.7.1/asm-tree-9.7.1.jar:/home/jveessen/.m2/repository/io/quarkus/quarkus-hibernate-validator-spi/3.17.7/quarkus-hibernate-validator-spi-3.17.7.jar:/home/jveessen/.m2/repository/io/quarkus/quarkus-class-change-agent/3.17.7/quarkus-class-change-agent-3.17.7.jar:/home/jveessen/.m2/repository/io/quarkus/quarkus-devtools-utilities/3.17.7/quarkus-devtools-utilities-3.17.7.jar:/home/jveessen/.m2/repository/io/quarkus/quarkus-builder/3.17.7/quarkus-builder-3.17.7.jar:/home/jveessen/.m2/repository/org/graalvm/sdk/nativeimage/23.1.2/nativeimage-23.1.2.jar:/home/jveessen/.m2/repository/org/graalvm/sdk/word/23.1.2/word-23.1.2.jar:/home/jveessen/.m2/repository/org/junit/platform/junit-platform-launcher/1.10.5/junit-platform-launcher-1.10.5.jar:/home/jveessen/.m2/repository/io/quarkus/quarkus-bootstrap-maven-resolver/3.17.7/quarkus-bootstrap-maven-resolver-3.17.7.jar:/home/jveessen/.m2/repository/io/smallrye/beanbag/smallrye-beanbag-maven/1.5.2/smallrye-beanbag-maven-1.5.2.jar:/home/jveessen/.m2/repository/io/smallrye/beanbag/smallrye-beanbag-sisu/1.5.2/smallrye-beanbag-sisu-1.5.2.jar:/home/jveessen/.m2/repository/io/smallrye/beanbag/smallrye-beanbag/1.5.2/smallrye-beanbag-1.5.2.jar:/home/jveessen/.m2/repository/javax/inject/javax.inject/1/javax.inject-1.jar:/home/jveessen/.m2/repository/org/apache/httpcomponents/httpclient/4.5.14/httpclient-4.5.14.jar:/home/jveessen/.m2/repository/org/apache/httpcomponents/httpcore/4.4.16/httpcore-4.4.16.jar:/home/jveessen/.m2/repository/org/apache/maven/maven-artifact/3.9.9/maven-artifact-3.9.9.jar:/home/jveessen/.m2/repository/org/apache/maven/maven-builder-support/3.9.9/maven-builder-support-3.9.9.jar:/home/jveessen/.m2/repository/org/apache/maven/maven-model/3.9.9/maven-model-3.9.9.jar:/home/jveessen/.m2/repository/org/apache/maven/maven-model-builder/3.9.9/maven-model-builder-3.9.9.jar:/home/jveessen/.m2/repository/org/apache/maven/maven-repository-metadata/3.9.9/maven-repository-metadata-3.9.9.jar:/home/jveessen/.m2/repository/org/apache/maven/maven-settings/3.9.9/maven-settings-3.9.9.jar:/home/jveessen/.m2/repository/org/apache/maven/resolver/maven-resolver-api/1.9.22/maven-resolver-api-1.9.22.jar:/home/jveessen/.m2/repository/org/apache/maven/resolver/maven-resolver-impl/1.9.22/maven-resolver-impl-1.9.22.jar:/home/jveessen/.m2/repository/org/apache/maven/resolver/maven-resolver-named-locks/1.9.22/maven-resolver-named-locks-1.9.22.jar:/home/jveessen/.m2/repository/org/apache/maven/resolver/maven-resolver-spi/1.9.22/maven-resolver-spi-1.9.22.jar:/home/jveessen/.m2/repository/org/apache/maven/resolver/maven-resolver-util/1.9.22/maven-resolver-util-1.9.22.jar:/home/jveessen/.m2/repository/org/apache/maven/resolver/maven-resolver-transport-http/1.9.20/maven-resolver-transport-http-1.9.20.jar:/home/jveessen/.m2/repository/org/apache/maven/wagon/wagon-provider-api/3.5.3/wagon-provider-api-3.5.3.jar:/home/jveessen/.m2/repository/org/apache/maven/wagon/wagon-http-shared/3.5.3/wagon-http-shared-3.5.3.jar:/home/jveessen/.m2/repository/org/codehaus/plexus/plexus-interpolation/1.26/plexus-interpolation-1.26.jar:/home/jveessen/.m2/repository/org/codehaus/plexus/plexus-utils/3.5.1/plexus-utils-3.5.1.jar:/home/jveessen/.m2/repository/org/codehaus/plexus/plexus-xml/4.0.1/plexus-xml-4.0.1.jar:/home/jveessen/.m2/repository/org/apache/maven/maven-xml-impl/4.0.0-alpha-5/maven-xml-impl-4.0.0-alpha-5.jar:/home/jveessen/.m2/repository/org/apache/maven/maven-api-xml/4.0.0-alpha-5/maven-api-xml-4.0.0-alpha-5.jar:/home/jveessen/.m2/repository/org/apache/maven/maven-api-meta/4.0.0-alpha-5/maven-api-meta-4.0.0-alpha-5.jar:/home/jveessen/.m2/repository/org/codehaus/plexus/plexus-cipher/2.0/plexus-cipher-2.0.jar:/home/jveessen/.m2/repository/org/codehaus/plexus/plexus-sec-dispatcher/2.0/plexus-sec-dispatcher-2.0.jar:/home/jveessen/.m2/repository/org/apache/maven/maven-embedder/3.9.9/maven-embedder-3.9.9.jar:/home/jveessen/.m2/repository/org/apache/maven/maven-core/3.9.9/maven-core-3.9.9.jar:/home/jveessen/.m2/repository/org/codehaus/plexus/plexus-component-annotations/2.1.0/plexus-component-annotations-2.1.0.jar:/home/jveessen/.m2/repository/org/apache/maven/maven-plugin-api/3.9.9/maven-plugin-api-3.9.9.jar:/home/jveessen/.m2/repository/org/apache/maven/shared/maven-shared-utils/3.4.2/maven-shared-utils-3.4.2.jar:/home/jveessen/.m2/repository/com/google/inject/guice/5.1.0/guice-5.1.0.jar:/home/jveessen/.m2/repository/aopalliance/aopalliance/1.0/aopalliance-1.0.jar:/home/jveessen/.m2/repository/javax/annotation/javax.annotation-api/1.3.2/javax.annotation-api-1.3.2.jar:/home/jveessen/.m2/repository/org/codehaus/plexus/plexus-classworlds/2.6.0/plexus-classworlds-2.6.0.jar:/home/jveessen/.m2/repository/commons-cli/commons-cli/1.8.0/commons-cli-1.8.0.jar:/home/jveessen/.m2/repository/org/eclipse/sisu/org.eclipse.sisu.plexus/0.9.0.M3/org.eclipse.sisu.plexus-0.9.0.M3.jar:/home/jveessen/.m2/repository/org/apache/maven/maven-settings-builder/3.9.9/maven-settings-builder-3.9.9.jar:/home/jveessen/.m2/repository/org/apache/maven/maven-resolver-provider/3.9.9/maven-resolver-provider-3.9.9.jar:/home/jveessen/.m2/repository/org/apache/maven/resolver/maven-resolver-connector-basic/1.9.22/maven-resolver-connector-basic-1.9.22.jar:/home/jveessen/.m2/repository/org/apache/maven/resolver/maven-resolver-transport-wagon/1.9.22/maven-resolver-transport-wagon-1.9.22.jar:/home/jveessen/.m2/repository/org/apache/maven/wagon/wagon-http/3.5.3/wagon-http-3.5.3.jar:/home/jveessen/.m2/repository/org/apache/maven/wagon/wagon-file/3.5.3/wagon-file-3.5.3.jar:/home/jveessen/.m2/repository/io/quarkus/quarkus-bootstrap-gradle-resolver/3.17.7/quarkus-bootstrap-gradle-resolver-3.17.7.jar:/home/jveessen/.m2/repository/io/smallrye/jandex/3.2.3/jandex-3.2.3.jar:/home/jveessen/.m2/repository/commons-io/commons-io/2.17.0/commons-io-2.17.0.jar:/home/jveessen/.m2/repository/org/jboss/logging/commons-logging-jboss-logging/1.0.0.Final/commons-logging-jboss-logging-1.0.0.Final.jar:/home/jveessen/.m2/repository/io/quarkus/quarkus-junit5-properties/3.17.7/quarkus-junit5-properties-3.17.7.jar:/home/jveessen/.m2/repository/org/junit/jupiter/junit-jupiter/5.10.5/junit-jupiter-5.10.5.jar:/home/jveessen/.m2/repository/org/junit/jupiter/junit-jupiter-api/5.10.5/junit-jupiter-api-5.10.5.jar:/home/jveessen/.m2/repository/org/opentest4j/opentest4j/1.3.0/opentest4j-1.3.0.jar:/home/jveessen/.m2/repository/org/junit/platform/junit-platform-commons/1.10.5/junit-platform-commons-1.10.5.jar:/home/jveessen/.m2/repository/org/apiguardian/apiguardian-api/1.1.2/apiguardian-api-1.1.2.jar:/home/jveessen/.m2/repository/org/junit/jupiter/junit-jupiter-params/5.10.5/junit-jupiter-params-5.10.5.jar:/home/jveessen/.m2/repository/org/junit/jupiter/junit-jupiter-engine/5.10.5/junit-jupiter-engine-5.10.5.jar:/home/jveessen/.m2/repository/org/junit/platform/junit-platform-engine/1.10.5/junit-platform-engine-1.10.5.jar:/home/jveessen/.m2/repository/org/jboss/marshalling/jboss-marshalling/2.2.1.Final/jboss-marshalling-2.2.1.Final.jar:"/>
    <property name="java.vm.vendor" value="Eclipse Adoptium"/>
    <property name="sun.arch.data.model" value="64"/>
    <property name="java.vendor.url" value="https://adoptium.net/"/>
    <property name="user.timezone" value="Europe/Brussels"/>
    <property name="logging.initial-configurator.min-level" value="500"/>
    <property name="os.name" value="Linux"/>
    <property name="java.vm.specification.version" value="21"/>
    <property name="sun.java.launcher" value="SUN_STANDARD"/>
    <property name="user.country" value="US"/>
    <property name="groovy.use.classvalue" value="false"/>
    <property name="sun.boot.library.path" value="/home/jveessen/.sdkman/candidates/java/21.0.5-tem/lib"/>
    <property name="sun.java.command" value="/home/jveessen/public-repos/minio-reuse-reproducer/service-a/target/surefire/surefirebooter-20250408094556547_3.jar /home/jveessen/public-repos/minio-reuse-reproducer/service-a/target/surefire 2025-04-08T09-45-56_506-jvmRun1 surefire-20250408094556547_1tmp surefire_0-20250408094556547_2tmp"/>
    <property name="jdk.debug" value="release"/>
    <property name="surefire.test.class.path" value="/home/jveessen/public-repos/minio-reuse-reproducer/service-a/target/test-classes:/home/jveessen/public-repos/minio-reuse-reproducer/service-a/target/classes:/home/jveessen/.m2/repository/io/quarkus/quarkus-arc/3.17.7/quarkus-arc-3.17.7.jar:/home/jveessen/.m2/repository/io/quarkus/arc/arc/3.17.7/arc-3.17.7.jar:/home/jveessen/.m2/repository/jakarta/enterprise/jakarta.enterprise.cdi-api/4.1.0/jakarta.enterprise.cdi-api-4.1.0.jar:/home/jveessen/.m2/repository/jakarta/enterprise/jakarta.enterprise.lang-model/4.1.0/jakarta.enterprise.lang-model-4.1.0.jar:/home/jveessen/.m2/repository/jakarta/el/jakarta.el-api/5.0.1/jakarta.el-api-5.0.1.jar:/home/jveessen/.m2/repository/jakarta/interceptor/jakarta.interceptor-api/2.2.0/jakarta.interceptor-api-2.2.0.jar:/home/jveessen/.m2/repository/jakarta/annotation/jakarta.annotation-api/3.0.0/jakarta.annotation-api-3.0.0.jar:/home/jveessen/.m2/repository/jakarta/transaction/jakarta.transaction-api/2.0.1/jakarta.transaction-api-2.0.1.jar:/home/jveessen/.m2/repository/io/smallrye/reactive/mutiny/2.6.2/mutiny-2.6.2.jar:/home/jveessen/.m2/repository/io/smallrye/common/smallrye-common-annotation/2.9.0/smallrye-common-annotation-2.9.0.jar:/home/jveessen/.m2/repository/org/jctools/jctools-core/4.0.5/jctools-core-4.0.5.jar:/home/jveessen/.m2/repository/org/jboss/logging/jboss-logging/3.6.1.Final/jboss-logging-3.6.1.Final.jar:/home/jveessen/.m2/repository/io/quarkus/quarkus-core/3.17.7/quarkus-core-3.17.7.jar:/home/jveessen/.m2/repository/jakarta/inject/jakarta.inject-api/2.0.1/jakarta.inject-api-2.0.1.jar:/home/jveessen/.m2/repository/io/smallrye/common/smallrye-common-os/2.9.0/smallrye-common-os-2.9.0.jar:/home/jveessen/.m2/repository/io/quarkus/quarkus-ide-launcher/3.17.7/quarkus-ide-launcher-3.17.7.jar:/home/jveessen/.m2/repository/io/quarkus/quarkus-development-mode-spi/3.17.7/quarkus-development-mode-spi-3.17.7.jar:/home/jveessen/.m2/repository/io/smallrye/config/smallrye-config/3.10.2/smallrye-config-3.10.2.jar:/home/jveessen/.m2/repository/io/smallrye/config/smallrye-config-core/3.10.2/smallrye-config-core-3.10.2.jar:/home/jveessen/.m2/repository/org/eclipse/microprofile/config/microprofile-config-api/3.1/microprofile-config-api-3.1.jar:/home/jveessen/.m2/repository/io/smallrye/common/smallrye-common-classloader/2.9.0/smallrye-common-classloader-2.9.0.jar:/home/jveessen/.m2/repository/io/smallrye/config/smallrye-config-common/3.10.2/smallrye-config-common-3.10.2.jar:/home/jveessen/.m2/repository/org/jboss/logmanager/jboss-logmanager/3.1.1.Final/jboss-logmanager-3.1.1.Final.jar:/home/jveessen/.m2/repository/io/smallrye/common/smallrye-common-constraint/2.9.0/smallrye-common-constraint-2.9.0.jar:/home/jveessen/.m2/repository/io/smallrye/common/smallrye-common-cpu/2.9.0/smallrye-common-cpu-2.9.0.jar:/home/jveessen/.m2/repository/io/smallrye/common/smallrye-common-expression/2.9.0/smallrye-common-expression-2.9.0.jar:/home/jveessen/.m2/repository/io/smallrye/common/smallrye-common-net/2.9.0/smallrye-common-net-2.9.0.jar:/home/jveessen/.m2/repository/io/smallrye/common/smallrye-common-ref/2.9.0/smallrye-common-ref-2.9.0.jar:/home/jveessen/.m2/repository/jakarta/json/jakarta.json-api/2.1.3/jakarta.json-api-2.1.3.jar:/home/jveessen/.m2/repository/org/eclipse/parsson/parsson/1.1.7/parsson-1.1.7.jar:/home/jveessen/.m2/repository/org/jboss/logging/jboss-logging-annotations/3.0.2.Final/jboss-logging-annotations-3.0.2.Final.jar:/home/jveessen/.m2/repository/org/jboss/threads/jboss-threads/3.8.0.Final/jboss-threads-3.8.0.Final.jar:/home/jveessen/.m2/repository/io/smallrye/common/smallrye-common-function/2.9.0/smallrye-common-function-2.9.0.jar:/home/jveessen/.m2/repository/org/slf4j/slf4j-api/2.0.6/slf4j-api-2.0.6.jar:/home/jveessen/.m2/repository/org/jboss/slf4j/slf4j-jboss-logmanager/2.0.0.Final/slf4j-jboss-logmanager-2.0.0.Final.jar:/home/jveessen/.m2/repository/org/wildfly/common/wildfly-common/1.7.0.Final/wildfly-common-1.7.0.Final.jar:/home/jveessen/.m2/repository/io/quarkus/quarkus-bootstrap-runner/3.17.7/quarkus-bootstrap-runner-3.17.7.jar:/home/jveessen/.m2/repository/io/github/crac/org-crac/0.1.3/org-crac-0.1.3.jar:/home/jveessen/.m2/repository/io/quarkus/quarkus-fs-util/0.0.10/quarkus-fs-util-0.0.10.jar:/home/jveessen/.m2/repository/org/eclipse/microprofile/context-propagation/microprofile-context-propagation-api/1.3/microprofile-context-propagation-api-1.3.jar:/home/jveessen/.m2/repository/io/quarkiverse/minio/quarkus-minio/3.7.7/quarkus-minio-3.7.7.jar:/home/jveessen/.m2/repository/io/quarkiverse/minio/quarkus-minio-native/3.7.7/quarkus-minio-native-3.7.7.jar:/home/jveessen/.m2/repository/io/minio/minio/8.5.12/minio-8.5.12.jar:/home/jveessen/.m2/repository/com/carrotsearch/thirdparty/simple-xml-safe/2.7.1/simple-xml-safe-2.7.1.jar:/home/jveessen/.m2/repository/com/google/guava/guava/33.3.1-jre/guava-33.3.1-jre.jar:/home/jveessen/.m2/repository/com/google/guava/failureaccess/1.0.1/failureaccess-1.0.1.jar:/home/jveessen/.m2/repository/com/google/errorprone/error_prone_annotations/2.35.1/error_prone_annotations-2.35.1.jar:/home/jveessen/.m2/repository/com/google/j2objc/j2objc-annotations/2.8/j2objc-annotations-2.8.jar:/home/jveessen/.m2/repository/com/squareup/okhttp3/okhttp/4.12.0/okhttp-4.12.0.jar:/home/jveessen/.m2/repository/com/squareup/okio/okio/3.6.0/okio-3.6.0.jar:/home/jveessen/.m2/repository/com/squareup/okio/okio-jvm/3.6.0/okio-jvm-3.6.0.jar:/home/jveessen/.m2/repository/org/jetbrains/kotlin/kotlin-stdlib-common/2.0.21/kotlin-stdlib-common-2.0.21.jar:/home/jveessen/.m2/repository/org/jetbrains/kotlin/kotlin-stdlib-jdk8/2.0.21/kotlin-stdlib-jdk8-2.0.21.jar:/home/jveessen/.m2/repository/org/jetbrains/kotlin/kotlin-stdlib/2.0.21/kotlin-stdlib-2.0.21.jar:/home/jveessen/.m2/repository/org/jetbrains/annotations/26.0.1/annotations-26.0.1.jar:/home/jveessen/.m2/repository/org/jetbrains/kotlin/kotlin-stdlib-jdk7/2.0.21/kotlin-stdlib-jdk7-2.0.21.jar:/home/jveessen/.m2/repository/com/fasterxml/jackson/core/jackson-annotations/2.18.2/jackson-annotations-2.18.2.jar:/home/jveessen/.m2/repository/com/fasterxml/jackson/core/jackson-core/2.18.2/jackson-core-2.18.2.jar:/home/jveessen/.m2/repository/com/fasterxml/jackson/core/jackson-databind/2.18.2/jackson-databind-2.18.2.jar:/home/jveessen/.m2/repository/org/bouncycastle/bcprov-jdk18on/1.79/bcprov-jdk18on-1.79.jar:/home/jveessen/.m2/repository/org/apache/commons/commons-compress/1.27.1/commons-compress-1.27.1.jar:/home/jveessen/.m2/repository/commons-codec/commons-codec/1.17.2/commons-codec-1.17.2.jar:/home/jveessen/.m2/repository/org/xerial/snappy/snappy-java/1.1.10.5/snappy-java-1.1.10.5.jar:/home/jveessen/.m2/repository/io/quarkus/quarkus-junit5/3.17.7/quarkus-junit5-3.17.7.jar:/home/jveessen/.m2/repository/io/quarkus/quarkus-bootstrap-core/3.17.7/quarkus-bootstrap-core-3.17.7.jar:/home/jveessen/.m2/repository/io/quarkus/quarkus-classloader-commons/3.17.7/quarkus-classloader-commons-3.17.7.jar:/home/jveessen/.m2/repository/io/quarkus/quarkus-bootstrap-app-model/3.17.7/quarkus-bootstrap-app-model-3.17.7.jar:/home/jveessen/.m2/repository/io/smallrye/common/smallrye-common-io/2.9.0/smallrye-common-io-2.9.0.jar:/home/jveessen/.m2/repository/org/eclipse/sisu/org.eclipse.sisu.inject/0.9.0.M3/org.eclipse.sisu.inject-0.9.0.M3.jar:/home/jveessen/.m2/repository/io/quarkus/quarkus-test-common/3.17.7/quarkus-test-common-3.17.7.jar:/home/jveessen/.m2/repository/io/quarkus/quarkus-core-deployment/3.17.7/quarkus-core-deployment-3.17.7.jar:/home/jveessen/.m2/repository/org/aesh/readline/2.6/readline-2.6.jar:/home/jveessen/.m2/repository/org/fusesource/jansi/jansi/2.4.0/jansi-2.4.0.jar:/home/jveessen/.m2/repository/org/aesh/aesh/2.8.2/aesh-2.8.2.jar:/home/jveessen/.m2/repository/org/apache/commons/commons-lang3/3.17.0/commons-lang3-3.17.0.jar:/home/jveessen/.m2/repository/io/quarkus/gizmo/gizmo/1.8.0/gizmo-1.8.0.jar:/home/jveessen/.m2/repository/org/ow2/asm/asm-util/9.7.1/asm-util-9.7.1.jar:/home/jveessen/.m2/repository/org/ow2/asm/asm-analysis/9.7.1/asm-analysis-9.7.1.jar:/home/jveessen/.m2/repository/org/ow2/asm/asm/9.7.1/asm-9.7.1.jar:/home/jveessen/.m2/repository/org/ow2/asm/asm-commons/9.7.1/asm-commons-9.7.1.jar:/home/jveessen/.m2/repository/org/ow2/asm/asm-tree/9.7.1/asm-tree-9.7.1.jar:/home/jveessen/.m2/repository/io/quarkus/quarkus-hibernate-validator-spi/3.17.7/quarkus-hibernate-validator-spi-3.17.7.jar:/home/jveessen/.m2/repository/io/quarkus/quarkus-class-change-agent/3.17.7/quarkus-class-change-agent-3.17.7.jar:/home/jveessen/.m2/repository/io/quarkus/quarkus-devtools-utilities/3.17.7/quarkus-devtools-utilities-3.17.7.jar:/home/jveessen/.m2/repository/io/quarkus/quarkus-builder/3.17.7/quarkus-builder-3.17.7.jar:/home/jveessen/.m2/repository/org/graalvm/sdk/nativeimage/23.1.2/nativeimage-23.1.2.jar:/home/jveessen/.m2/repository/org/graalvm/sdk/word/23.1.2/word-23.1.2.jar:/home/jveessen/.m2/repository/org/junit/platform/junit-platform-launcher/1.10.5/junit-platform-launcher-1.10.5.jar:/home/jveessen/.m2/repository/io/quarkus/quarkus-bootstrap-maven-resolver/3.17.7/quarkus-bootstrap-maven-resolver-3.17.7.jar:/home/jveessen/.m2/repository/io/smallrye/beanbag/smallrye-beanbag-maven/1.5.2/smallrye-beanbag-maven-1.5.2.jar:/home/jveessen/.m2/repository/io/smallrye/beanbag/smallrye-beanbag-sisu/1.5.2/smallrye-beanbag-sisu-1.5.2.jar:/home/jveessen/.m2/repository/io/smallrye/beanbag/smallrye-beanbag/1.5.2/smallrye-beanbag-1.5.2.jar:/home/jveessen/.m2/repository/javax/inject/javax.inject/1/javax.inject-1.jar:/home/jveessen/.m2/repository/org/apache/httpcomponents/httpclient/4.5.14/httpclient-4.5.14.jar:/home/jveessen/.m2/repository/org/apache/httpcomponents/httpcore/4.4.16/httpcore-4.4.16.jar:/home/jveessen/.m2/repository/org/apache/maven/maven-artifact/3.9.9/maven-artifact-3.9.9.jar:/home/jveessen/.m2/repository/org/apache/maven/maven-builder-support/3.9.9/maven-builder-support-3.9.9.jar:/home/jveessen/.m2/repository/org/apache/maven/maven-model/3.9.9/maven-model-3.9.9.jar:/home/jveessen/.m2/repository/org/apache/maven/maven-model-builder/3.9.9/maven-model-builder-3.9.9.jar:/home/jveessen/.m2/repository/org/apache/maven/maven-repository-metadata/3.9.9/maven-repository-metadata-3.9.9.jar:/home/jveessen/.m2/repository/org/apache/maven/maven-settings/3.9.9/maven-settings-3.9.9.jar:/home/jveessen/.m2/repository/org/apache/maven/resolver/maven-resolver-api/1.9.22/maven-resolver-api-1.9.22.jar:/home/jveessen/.m2/repository/org/apache/maven/resolver/maven-resolver-impl/1.9.22/maven-resolver-impl-1.9.22.jar:/home/jveessen/.m2/repository/org/apache/maven/resolver/maven-resolver-named-locks/1.9.22/maven-resolver-named-locks-1.9.22.jar:/home/jveessen/.m2/repository/org/apache/maven/resolver/maven-resolver-spi/1.9.22/maven-resolver-spi-1.9.22.jar:/home/jveessen/.m2/repository/org/apache/maven/resolver/maven-resolver-util/1.9.22/maven-resolver-util-1.9.22.jar:/home/jveessen/.m2/repository/org/apache/maven/resolver/maven-resolver-transport-http/1.9.20/maven-resolver-transport-http-1.9.20.jar:/home/jveessen/.m2/repository/org/apache/maven/wagon/wagon-provider-api/3.5.3/wagon-provider-api-3.5.3.jar:/home/jveessen/.m2/repository/org/apache/maven/wagon/wagon-http-shared/3.5.3/wagon-http-shared-3.5.3.jar:/home/jveessen/.m2/repository/org/codehaus/plexus/plexus-interpolation/1.26/plexus-interpolation-1.26.jar:/home/jveessen/.m2/repository/org/codehaus/plexus/plexus-utils/3.5.1/plexus-utils-3.5.1.jar:/home/jveessen/.m2/repository/org/codehaus/plexus/plexus-xml/4.0.1/plexus-xml-4.0.1.jar:/home/jveessen/.m2/repository/org/apache/maven/maven-xml-impl/4.0.0-alpha-5/maven-xml-impl-4.0.0-alpha-5.jar:/home/jveessen/.m2/repository/org/apache/maven/maven-api-xml/4.0.0-alpha-5/maven-api-xml-4.0.0-alpha-5.jar:/home/jveessen/.m2/repository/org/apache/maven/maven-api-meta/4.0.0-alpha-5/maven-api-meta-4.0.0-alpha-5.jar:/home/jveessen/.m2/repository/org/codehaus/plexus/plexus-cipher/2.0/plexus-cipher-2.0.jar:/home/jveessen/.m2/repository/org/codehaus/plexus/plexus-sec-dispatcher/2.0/plexus-sec-dispatcher-2.0.jar:/home/jveessen/.m2/repository/org/apache/maven/maven-embedder/3.9.9/maven-embedder-3.9.9.jar:/home/jveessen/.m2/repository/org/apache/maven/maven-core/3.9.9/maven-core-3.9.9.jar:/home/jveessen/.m2/repository/org/codehaus/plexus/plexus-component-annotations/2.1.0/plexus-component-annotations-2.1.0.jar:/home/jveessen/.m2/repository/org/apache/maven/maven-plugin-api/3.9.9/maven-plugin-api-3.9.9.jar:/home/jveessen/.m2/repository/org/apache/maven/shared/maven-shared-utils/3.4.2/maven-shared-utils-3.4.2.jar:/home/jveessen/.m2/repository/com/google/inject/guice/5.1.0/guice-5.1.0.jar:/home/jveessen/.m2/repository/aopalliance/aopalliance/1.0/aopalliance-1.0.jar:/home/jveessen/.m2/repository/javax/annotation/javax.annotation-api/1.3.2/javax.annotation-api-1.3.2.jar:/home/jveessen/.m2/repository/org/codehaus/plexus/plexus-classworlds/2.6.0/plexus-classworlds-2.6.0.jar:/home/jveessen/.m2/repository/commons-cli/commons-cli/1.8.0/commons-cli-1.8.0.jar:/home/jveessen/.m2/repository/org/eclipse/sisu/org.eclipse.sisu.plexus/0.9.0.M3/org.eclipse.sisu.plexus-0.9.0.M3.jar:/home/jveessen/.m2/repository/org/apache/maven/maven-settings-builder/3.9.9/maven-settings-builder-3.9.9.jar:/home/jveessen/.m2/repository/org/apache/maven/maven-resolver-provider/3.9.9/maven-resolver-provider-3.9.9.jar:/home/jveessen/.m2/repository/org/apache/maven/resolver/maven-resolver-connector-basic/1.9.22/maven-resolver-connector-basic-1.9.22.jar:/home/jveessen/.m2/repository/org/apache/maven/resolver/maven-resolver-transport-wagon/1.9.22/maven-resolver-transport-wagon-1.9.22.jar:/home/jveessen/.m2/repository/org/apache/maven/wagon/wagon-http/3.5.3/wagon-http-3.5.3.jar:/home/jveessen/.m2/repository/org/apache/maven/wagon/wagon-file/3.5.3/wagon-file-3.5.3.jar:/home/jveessen/.m2/repository/io/quarkus/quarkus-bootstrap-gradle-resolver/3.17.7/quarkus-bootstrap-gradle-resolver-3.17.7.jar:/home/jveessen/.m2/repository/io/smallrye/jandex/3.2.3/jandex-3.2.3.jar:/home/jveessen/.m2/repository/commons-io/commons-io/2.17.0/commons-io-2.17.0.jar:/home/jveessen/.m2/repository/org/jboss/logging/commons-logging-jboss-logging/1.0.0.Final/commons-logging-jboss-logging-1.0.0.Final.jar:/home/jveessen/.m2/repository/io/quarkus/quarkus-junit5-properties/3.17.7/quarkus-junit5-properties-3.17.7.jar:/home/jveessen/.m2/repository/org/junit/jupiter/junit-jupiter/5.10.5/junit-jupiter-5.10.5.jar:/home/jveessen/.m2/repository/org/junit/jupiter/junit-jupiter-api/5.10.5/junit-jupiter-api-5.10.5.jar:/home/jveessen/.m2/repository/org/opentest4j/opentest4j/1.3.0/opentest4j-1.3.0.jar:/home/jveessen/.m2/repository/org/junit/platform/junit-platform-commons/1.10.5/junit-platform-commons-1.10.5.jar:/home/jveessen/.m2/repository/org/apiguardian/apiguardian-api/1.1.2/apiguardian-api-1.1.2.jar:/home/jveessen/.m2/repository/org/junit/jupiter/junit-jupiter-params/5.10.5/junit-jupiter-params-5.10.5.jar:/home/jveessen/.m2/repository/org/junit/jupiter/junit-jupiter-engine/5.10.5/junit-jupiter-engine-5.10.5.jar:/home/jveessen/.m2/repository/org/junit/platform/junit-platform-engine/1.10.5/junit-platform-engine-1.10.5.jar:/home/jveessen/.m2/repository/org/jboss/marshalling/jboss-marshalling/2.2.1.Final/jboss-marshalling-2.2.1.Final.jar:"/>
    <property name="sun.cpu.endian" value="little"/>
    <property name="user.home" value="/home/jveessen"/>
    <property name="user.language" value="en"/>
    <property name="jboss.log-version" value="false"/>
    <property name="java.specification.vendor" value="Oracle Corporation"/>
    <property name="java.version.date" value="2024-10-15"/>
    <property name="java.home" value="/home/jveessen/.sdkman/candidates/java/21.0.5-tem"/>
    <property name="file.separator" value="/"/>
    <property name="basedir" value="/home/jveessen/public-repos/minio-reuse-reproducer/service-a"/>
    <property name="java.vm.compressedOopsMode" value="Zero based"/>
    <property name="line.separator" value="&#10;"/>
    <property name="java.vm.specification.vendor" value="Oracle Corporation"/>
    <property name="java.specification.name" value="Java Platform API Specification"/>
    <property name="surefire.real.class.path" value="/home/jveessen/public-repos/minio-reuse-reproducer/service-a/target/surefire/surefirebooter-20250408094556547_3.jar"/>
    <property name="sun.management.compiler" value="HotSpot 64-Bit Tiered Compilers"/>
    <property name="java.runtime.version" value="21.0.5+11-LTS"/>
    <property name="user.name" value="jveessen"/>
    <property name="stdout.encoding" value="UTF-8"/>
    <property name="path.separator" value=":"/>
    <property name="os.version" value="6.13.8-200.fc41.x86_64"/>
    <property name="java.runtime.name" value="OpenJDK Runtime Environment"/>
    <property name="file.encoding" value="UTF-8"/>
    <property name="jnidispatch.path" value="/home/jveessen/.cache/JNA/temp/jna12201194927614986101.tmp"/>
    <property name="java.vm.name" value="OpenJDK 64-Bit Server VM"/>
    <property name="jna.platform.library.path" value="/usr/lib64:/lib64:/usr/lib:/lib:/usr/lib64/dyninst:/usr/lib64/pipewire-0.3/jack:/usr/lib64/iscsi:/usr/lib64/llvm16/lib:/usr/lib64/tcl8.6"/>
    <property name="java.vendor.version" value="Temurin-21.0.5+11"/>
    <property name="localRepository" value="/home/jveessen/.m2/repository"/>
    <property name="jna.loaded" value="true"/>
    <property name="java.vendor.url.bug" value="https://github.com/adoptium/adoptium-support/issues"/>
    <property name="java.io.tmpdir" value="/tmp"/>
    <property name="quarkus.log.file.path" value="target/quarkus.log"/>
    <property name="java.version" value="21.0.5"/>
    <property name="java.util.concurrent.ForkJoinPool.common.threadFactory" value="io.quarkus.bootstrap.forkjoin.QuarkusForkJoinWorkerThreadFactory"/>
    <property name="user.dir" value="/home/jveessen/public-repos/minio-reuse-reproducer/service-a"/>
    <property name="os.arch" value="amd64"/>
    <property name="java.vm.specification.name" value="Java Virtual Machine Specification"/>
    <property name="native.encoding" value="UTF-8"/>
    <property name="java.util.logging.manager" value="org.jboss.logmanager.LogManager"/>
    <property name="java.library.path" value="/usr/java/packages/lib:/usr/lib64:/lib64:/lib:/usr/lib"/>
    <property name="jdk.console" value="java.base"/>
    <property name="java.vm.info" value="mixed mode, sharing"/>
    <property name="stderr.encoding" value="UTF-8"/>
    <property name="java.vendor" value="Eclipse Adoptium"/>
    <property name="java.vm.version" value="21.0.5+11-LTS"/>
    <property name="sun.io.unicode.encoding" value="UnicodeLittle"/>
    <property name="java.class.version" value="65.0"/>
  </properties>
  <testcase name="testMinioClientAvailable" classname="org.acme.reproducer.a.ServiceATest" time="0.012">
    <system-out><![CDATA[2025-04-08 09:45:57,986 INFO  [org.tes.DockerClientFactory] (build-26) Testcontainers version: 1.20.4
2025-04-08 09:45:58,147 INFO  [org.tes.doc.DockerClientProviderStrategy] (build-26) Loaded org.testcontainers.dockerclient.RootlessDockerClientProviderStrategy from ~/.testcontainers.properties, will try it first
2025-04-08 09:45:58,320 INFO  [org.tes.doc.DockerClientProviderStrategy] (build-26) Found Docker environment with Docker accessed via Unix socket (/home/jveessen/.docker/desktop/docker.sock)
2025-04-08 09:45:58,321 INFO  [org.tes.DockerClientFactory] (build-26) Docker host IP address is localhost
2025-04-08 09:45:58,334 INFO  [org.tes.DockerClientFactory] (build-26) Connected to docker: 
  Server Version: 28.0.1
  API Version: 1.48
  Operating System: Docker Desktop
  Total Memory: 11957 MB
  Labels: 
    com.docker.desktop.address=unix:///home/jveessen/.docker/desktop/docker-cli.sock
2025-04-08 09:45:58,340 INFO  [org.tes.ima.PullPolicy] (build-26) Image pull policy will be performed by: DefaultPullPolicy()
2025-04-08 09:45:58,341 INFO  [org.tes.uti.ImageNameSubstitutor] (build-26) Image name substitution will be performed by: DefaultImageNameSubstitutor (composite of 'ConfigurationFileImageNameSubstitutor' and 'PrefixingImageNameSubstitutor')
2025-04-08 09:45:58,344 INFO  [org.tes.DockerClientFactory] (build-26) Checking the system...
2025-04-08 09:45:58,344 INFO  [org.tes.DockerClientFactory] (build-26) ✔︎ Docker server version should be at least 1.6.0
2025-04-08 09:45:58,622 INFO  [tc.min.2022-10-08T20-11-00Z] (build-26) Creating container for image: minio/minio:RELEASE.2022-10-08T20-11-00Z
2025-04-08 09:45:58,800 INFO  [tc.tes.11.0] (build-26) Creating container for image: testcontainers/ryuk:0.11.0
2025-04-08 09:45:58,905 INFO  [tc.tes.11.0] (build-26) Container testcontainers/ryuk:0.11.0 is starting: 63f8c43ed7aa3972482c9ddc8da5b991c2cf492005415af0c919155f1a2a445d
2025-04-08 09:45:59,237 INFO  [tc.tes.11.0] (build-26) Container testcontainers/ryuk:0.11.0 started in PT0.437000133S
2025-04-08 09:45:59,400 INFO  [tc.min.2022-10-08T20-11-00Z] (build-26) Container minio/minio:RELEASE.2022-10-08T20-11-00Z is starting: 50c115b27def1323650c964fbbe57a1e07a727bdc268cbd4aa33c6c59b3277de
2025-04-08 09:45:59,718 INFO  [org.tes.con.wai.str.HttpWaitStrategy] (build-26) /vigilant_ellis: Waiting for 60 seconds for URL: http://localhost:35729/minio/health/live (where port 35729 maps to container port 9000)
2025-04-08 09:46:00,735 INFO  [tc.min.2022-10-08T20-11-00Z] (build-26) Container minio/minio:RELEASE.2022-10-08T20-11-00Z started in PT2.11278285S
2025-04-08 09:46:00,737 INFO  [io.qua.min.cli.dep.dev.DevServicesMinioProcessor] (build-26) Dev Services for Minio started on localhost
2025-04-08 09:46:00,737 INFO  [io.qua.min.cli.dep.dev.DevServicesMinioProcessor] (build-26) Other Quarkus applications in dev mode will find the instance automatically. For Quarkus applications in production mode, you can connect to this by starting your application with -Dquarkus.minio.url=localhost -Dquarkus.minio.secure=false -Dquarkus.minio.port=9000
2025-04-08 09:46:00,863 WARN  [io.qua.config] (main) Unrecognized configuration key "quarkus.minio.console" was provided; it will be ignored; verify that the dependency extension for this configuration is set or that you did not make a typo
2025-04-08 09:46:00,919 INFO  [io.quarkus] (main) service-a 1.0.0-SNAPSHOT on JVM (powered by Quarkus 3.17.7) started in 3.568s. 
2025-04-08 09:46:00,920 INFO  [io.quarkus] (main) Profile test activated. 
2025-04-08 09:46:00,920 INFO  [io.quarkus] (main) Installed features: [cdi, minio-client]
Service A Test: Minio client injected. Container should be running.
]]></system-out>
  </testcase>
</testsuite>